<?xml version="1.0" encoding="UTF-8"?>
<!-- Generated by org.testng.reporters.JUnitReportReporter -->
<testsuite hostname="LAPTOP-RLF4VNS7" failures="0" tests="3" name="com.ecom.Runner.TestRunner" time="187.358" errors="0" timestamp="2025-03-18T23:18:17 IST" skipped="0">
  <testcase classname="com.ecom.Runner.TestRunner" name="runScenario" time="20.102"/>
  <testcase classname="com.ecom.Runner.TestRunner" name="runScenario" time="117.906"/>
  <testcase classname="com.ecom.Runner.TestRunner" name="runScenario" time="49.350"/>
</testsuite> <!-- com.ecom.Runner.TestRunner -->
