<?xml version="1.0" encoding="UTF-8"?>
<!-- Generated by org.testng.reporters.JUnitReportReporter -->
<testsuite hostname="LAPTOP-RLF4VNS7" failures="0" tests="6" name="com.ecom.Runner.TestRunner" time="195.341" errors="0" timestamp="2025-03-18T11:30:55 IST" skipped="0">
  <testcase classname="com.ecom.Runner.TestRunner" name="runScenario" time="25.943"/>
  <testcase classname="com.ecom.Runner.TestRunner" name="runScenario" time="42.268"/>
  <testcase classname="com.ecom.Runner.TestRunner" name="runScenario" time="38.983"/>
  <testcase classname="com.ecom.Runner.TestRunner" name="runScenario" time="43.483"/>
  <testcase classname="com.ecom.Runner.TestRunner" name="runScenario" time="30.624"/>
  <testcase classname="com.ecom.Runner.TestRunner" name="runScenario" time="14.040"/>
</testsuite> <!-- com.ecom.Runner.TestRunner -->
