<?xml version="1.0" encoding="UTF-8"?>
<!-- Generated by org.testng.reporters.JUnitReportReporter -->
<testsuite hostname="LAPTOP-RLF4VNS7" failures="0" tests="6" name="com.ecom.Runner.TestRunner" time="127.407" errors="0" timestamp="2025-03-18T11:12:25 IST" skipped="0">
  <testcase classname="com.ecom.Runner.TestRunner" name="runScenario" time="8.077"/>
  <testcase classname="com.ecom.Runner.TestRunner" name="runScenario" time="18.727"/>
  <testcase classname="com.ecom.Runner.TestRunner" name="runScenario" time="14.029"/>
  <testcase classname="com.ecom.Runner.TestRunner" name="runScenario" time="22.615"/>
  <testcase classname="com.ecom.Runner.TestRunner" name="runScenario" time="37.444"/>
  <testcase classname="com.ecom.Runner.TestRunner" name="runScenario" time="26.515"/>
</testsuite> <!-- com.ecom.Runner.TestRunner -->
