<?xml version="1.0" encoding="UTF-8"?>
<!-- Generated by org.testng.reporters.JUnitReportReporter -->
<testsuite hostname="LAPTOP-RLF4VNS7" failures="0" tests="7" name="com.ecom.Runner.TestRunner" time="188.218" errors="0" timestamp="2025-03-18T12:36:45 IST" skipped="0">
  <testcase classname="com.ecom.Runner.TestRunner" name="runScenario" time="28.737"/>
  <testcase classname="com.ecom.Runner.TestRunner" name="runScenario" time="25.796"/>
  <testcase classname="com.ecom.Runner.TestRunner" name="runScenario" time="14.302"/>
  <testcase classname="com.ecom.Runner.TestRunner" name="runScenario" time="31.172"/>
  <testcase classname="com.ecom.Runner.TestRunner" name="runScenario" time="25.507"/>
  <testcase classname="com.ecom.Runner.TestRunner" name="runScenario" time="40.778"/>
  <testcase classname="com.ecom.Runner.TestRunner" name="runScenario" time="21.926"/>
</testsuite> <!-- com.ecom.Runner.TestRunner -->
