<?xml version="1.0" encoding="UTF-8"?>
<!-- Generated by org.testng.reporters.JUnitReportReporter -->
<testsuite hostname="LAPTOP-RLF4VNS7" failures="0" tests="10" name="com.ecom.Runner.TestRunner" time="157.983" errors="0" timestamp="2025-03-20T00:44:26 IST" skipped="0">
  <testcase classname="com.ecom.Runner.TestRunner" name="runScenario" time="26.303"/>
  <testcase classname="com.ecom.Runner.TestRunner" name="runScenario" time="16.022"/>
  <testcase classname="com.ecom.Runner.TestRunner" name="runScenario" time="11.819"/>
  <testcase classname="com.ecom.Runner.TestRunner" name="runScenario" time="4.319"/>
  <testcase classname="com.ecom.Runner.TestRunner" name="runScenario" time="8.242"/>
  <testcase classname="com.ecom.Runner.TestRunner" name="runScenario" time="18.794"/>
  <testcase classname="com.ecom.Runner.TestRunner" name="runScenario" time="14.224"/>
  <testcase classname="com.ecom.Runner.TestRunner" name="runScenario" time="33.253"/>
  <testcase classname="com.ecom.Runner.TestRunner" name="runScenario" time="6.631"/>
  <testcase classname="com.ecom.Runner.TestRunner" name="runScenario" time="18.376"/>
</testsuite> <!-- com.ecom.Runner.TestRunner -->
